<?xml version="1.0" encoding="UTF-8"?>
<testsuite xmlns:xsi="http://www.w3.org/2001/XMLSchema-instance" xsi:noNamespaceSchemaLocation="https://maven.apache.org/surefire/maven-surefire-plugin/xsd/surefire-test-report.xsd" name="stacs.wordle.mainService.MainServiceTest" time="0.001" tests="1" errors="0" skipped="0" failures="1">
  <properties>
    <property name="java.specification.version" value="18"/>
    <property name="sun.jnu.encoding" value="UTF-8"/>
    <property name="java.class.path" value="/Users/apm30/Documents/GitHub/Wordle/target/test-classes:/Users/apm30/Documents/GitHub/Wordle/target/classes:/Users/apm30/.m2/repository/org/junit/jupiter/junit-jupiter-engine/5.8.1/junit-jupiter-engine-5.8.1.jar:/Users/apm30/.m2/repository/org/junit/platform/junit-platform-engine/1.8.1/junit-platform-engine-1.8.1.jar:/Users/apm30/.m2/repository/org/opentest4j/opentest4j/1.2.0/opentest4j-1.2.0.jar:/Users/apm30/.m2/repository/org/junit/platform/junit-platform-commons/1.8.1/junit-platform-commons-1.8.1.jar:/Users/apm30/.m2/repository/org/junit/jupiter/junit-jupiter-api/5.8.1/junit-jupiter-api-5.8.1.jar:/Users/apm30/.m2/repository/org/apiguardian/apiguardian-api/1.1.2/apiguardian-api-1.1.2.jar:"/>
    <property name="java.vm.vendor" value="Oracle Corporation"/>
    <property name="sun.arch.data.model" value="64"/>
    <property name="java.vendor.url" value="https://java.oracle.com/"/>
    <property name="os.name" value="Mac OS X"/>
    <property name="java.vm.specification.version" value="18"/>
    <property name="sun.java.launcher" value="SUN_STANDARD"/>
    <property name="user.country" value="IN"/>
    <property name="sun.boot.library.path" value="/Library/Java/JavaVirtualMachines/jdk-18.0.2.1.jdk/Contents/Home/lib"/>
    <property name="sun.java.command" value="/Users/apm30/Documents/GitHub/Wordle/target/surefire/surefirebooter6301574178377718840.jar /Users/apm30/Documents/GitHub/Wordle/target/surefire 2023-02-03T14-40-33_221-jvmRun1 surefire14308003465650025511tmp surefire_012426520209354481460tmp"/>
    <property name="http.nonProxyHosts" value="local|*.local|169.254/16|*.169.254/16"/>
    <property name="jdk.debug" value="release"/>
    <property name="surefire.test.class.path" value="/Users/apm30/Documents/GitHub/Wordle/target/test-classes:/Users/apm30/Documents/GitHub/Wordle/target/classes:/Users/apm30/.m2/repository/org/junit/jupiter/junit-jupiter-engine/5.8.1/junit-jupiter-engine-5.8.1.jar:/Users/apm30/.m2/repository/org/junit/platform/junit-platform-engine/1.8.1/junit-platform-engine-1.8.1.jar:/Users/apm30/.m2/repository/org/opentest4j/opentest4j/1.2.0/opentest4j-1.2.0.jar:/Users/apm30/.m2/repository/org/junit/platform/junit-platform-commons/1.8.1/junit-platform-commons-1.8.1.jar:/Users/apm30/.m2/repository/org/junit/jupiter/junit-jupiter-api/5.8.1/junit-jupiter-api-5.8.1.jar:/Users/apm30/.m2/repository/org/apiguardian/apiguardian-api/1.1.2/apiguardian-api-1.1.2.jar:"/>
    <property name="sun.cpu.endian" value="little"/>
    <property name="user.home" value="/Users/apm30"/>
    <property name="user.language" value="en"/>
    <property name="java.specification.vendor" value="Oracle Corporation"/>
    <property name="java.version.date" value="2022-08-18"/>
    <property name="java.home" value="/Library/Java/JavaVirtualMachines/jdk-18.0.2.1.jdk/Contents/Home"/>
    <property name="file.separator" value="/"/>
    <property name="basedir" value="/Users/apm30/Documents/GitHub/Wordle"/>
    <property name="java.vm.compressedOopsMode" value="Zero based"/>
    <property name="line.separator" value="&#10;"/>
    <property name="java.specification.name" value="Java Platform API Specification"/>
    <property name="java.vm.specification.vendor" value="Oracle Corporation"/>
    <property name="apple.awt.application.name" value="ForkedBooter"/>
    <property name="surefire.real.class.path" value="/Users/apm30/Documents/GitHub/Wordle/target/surefire/surefirebooter6301574178377718840.jar"/>
    <property name="sun.management.compiler" value="HotSpot 64-Bit Tiered Compilers"/>
    <property name="ftp.nonProxyHosts" value="local|*.local|169.254/16|*.169.254/16"/>
    <property name="java.runtime.version" value="18.0.2.1+1-1"/>
    <property name="user.name" value="apm30"/>
    <property name="path.separator" value=":"/>
    <property name="os.version" value="13.2"/>
    <property name="java.runtime.name" value="Java(TM) SE Runtime Environment"/>
    <property name="file.encoding" value="UTF-8"/>
    <property name="java.vm.name" value="Java HotSpot(TM) 64-Bit Server VM"/>
    <property name="localRepository" value="/Users/apm30/.m2/repository"/>
    <property name="java.vendor.url.bug" value="https://bugreport.java.com/bugreport/"/>
    <property name="java.io.tmpdir" value="/var/folders/5b/nhl_p_t52yd6tprx4r_nmmcc0000gn/T/"/>
    <property name="java.version" value="18.0.2.1"/>
    <property name="user.dir" value="/Users/apm30/Documents/GitHub/Wordle"/>
    <property name="os.arch" value="aarch64"/>
    <property name="java.vm.specification.name" value="Java Virtual Machine Specification"/>
    <property name="native.encoding" value="UTF-8"/>
    <property name="java.library.path" value="/Users/apm30/Library/Java/Extensions:/Library/Java/Extensions:/Network/Library/Java/Extensions:/System/Library/Java/Extensions:/usr/lib/java:."/>
    <property name="java.vm.info" value="mixed mode, sharing"/>
    <property name="java.vendor" value="Oracle Corporation"/>
    <property name="java.vm.version" value="18.0.2.1+1-1"/>
    <property name="sun.io.unicode.encoding" value="UnicodeBig"/>
    <property name="socksNonProxyHosts" value="local|*.local|169.254/16|*.169.254/16"/>
    <property name="java.class.version" value="62.0"/>
  </properties>
  <testcase name="instructions" classname="stacs.wordle.mainService.MainServiceTest" time="0.001">
    <failure message="expected: &lt;Welcome to CS5031 - Wordle&#10;The aim of the game is to guess the word that has been randomly selected.&#10;You will be given 10 chances to guess the word.&#10;You will be given a hint after every incorrect guess.&#10;The hint will show you the number of letters in the word and the number of letters you have guessed correctly.&#10;You will be given a score based on the number of letters you have guessed correctly.&#10;The game will end when you have guessed the word or you have used all your chances.&#10;Good luck!&#10;&gt; but was: &lt;0&gt;" type="org.opentest4j.AssertionFailedError"><![CDATA[org.opentest4j.AssertionFailedError: 
expected: <Welcome to CS5031 - Wordle
The aim of the game is to guess the word that has been randomly selected.
You will be given 10 chances to guess the word.
You will be given a hint after every incorrect guess.
The hint will show you the number of letters in the word and the number of letters you have guessed correctly.
You will be given a score based on the number of letters you have guessed correctly.
The game will end when you have guessed the word or you have used all your chances.
Good luck!
> but was: <0>
	at stacs.wordle.mainService.MainServiceTest.instructions(MainServiceTest.java:12)
]]></failure>
    <system-out><![CDATA[---------------------------------- "Hello Player"-----------------------------------------------------

1. You have six tries to guess the five-letter Wordle of the day.

2. Type in your guess and submit your word by hitting the “enter” key on the Wordle keyboard.

3. The color of the tiles will change after you submit your word.
    * A yellow tile indicates that you picked the right letter, but it’s in the wrong spot.
    * The green tile indicates that you picked the right letter in the correct spot.
    * The gray tile indicates that the letter you picked is not included in the word at all.

4. Continue until you solve the Wordle or run out of guesses. Good luck!

------------------------------"May the Force be with you!"----------------------------------
]]></system-out>
  </testcase>
</testsuite>